<?xml version="1.0" encoding="UTF-8"?>
<!-- Generated by org.testng.reporters.JUnitReportReporter -->
<testsuite hostname="DESKTOP-JLAQ0AA" failures="0" tests="2" name="BDDAutomationAPI.TC2002_POST_CreateUser" time="5.464" errors="0" timestamp="2021-09-28T16:31:28 BST" skipped="0">
  <testcase classname="BDDAutomationAPI.TC2002_POST_CreateUser" name="createUser" time="5.290"/>
  <system-out/>
  <testcase classname="BDDAutomationAPI.TC2002_POST_CreateUser" name="delete" time="0.174"/>
  <system-out/>
</testsuite> <!-- BDDAutomationAPI.TC2002_POST_CreateUser -->
