<?xml version="1.0" encoding="UTF-8"?>
<!-- Generated by org.testng.reporters.JUnitReportReporter -->
<testsuite hostname="DESKTOP-JLAQ0AA" failures="0" tests="4" name="BDDAutomationAPI2.DataDrivenAPIExampleDeleteOption" time="4.769" errors="0" timestamp="2022-04-19T20:13:40 BST" skipped="0">
  <testcase classname="BDDAutomationAPI2.DataDrivenAPIExampleDeleteOption" name="dataDrivenPost" time="4.169"/>
  <system-out/>
  <testcase classname="BDDAutomationAPI2.DataDrivenAPIExampleDeleteOption" name="dataDrivenPost" time="0.198"/>
  <system-out/>
  <testcase classname="BDDAutomationAPI2.DataDrivenAPIExampleDeleteOption" name="dataDrivenPost" time="0.209"/>
  <system-out/>
  <testcase classname="BDDAutomationAPI2.DataDrivenAPIExampleDeleteOption" name="dataDrivenPost" time="0.193"/>
  <system-out/>
</testsuite> <!-- BDDAutomationAPI2.DataDrivenAPIExampleDeleteOption -->
