<?xml version="1.0" encoding="UTF-8"?>
<!-- Generated by org.testng.reporters.JUnitReportReporter -->
<testsuite hostname="DESKTOP-JLAQ0AA" failures="0" tests="5" name="BDDAutomationAPI.TC2001_Full_Coverage_METHOD" time="5.962" errors="0" timestamp="2021-09-21T13:34:26 BST" skipped="0">
  <testcase classname="BDDAutomationAPI.TC2001_Full_Coverage_METHOD" name="CreateUserPost" time="3.892"/>
  <system-out/>
  <testcase classname="BDDAutomationAPI.TC2001_Full_Coverage_METHOD" name="TC001_GET_SingleUser" time="1.531"/>
  <system-out/>
  <testcase classname="BDDAutomationAPI.TC2001_Full_Coverage_METHOD" name="UpdateUser1Patch" time="0.200"/>
  <system-out/>
  <testcase classname="BDDAutomationAPI.TC2001_Full_Coverage_METHOD" name="UpdateUserPut" time="0.159"/>
  <system-out/>
  <testcase classname="BDDAutomationAPI.TC2001_Full_Coverage_METHOD" name="deleteUser" time="0.180"/>
  <system-out/>
</testsuite> <!-- BDDAutomationAPI.TC2001_Full_Coverage_METHOD -->
