<?xml version="1.0" encoding="UTF-8"?>
<!-- Generated by org.testng.reporters.JUnitReportReporter -->
<testsuite hostname="DESKTOP-JLAQ0AA" failures="0" tests="5" name="BDDAutomationAPI.EndToEndAPICal" time="0.818" errors="0" timestamp="2022-04-19T20:17:48 BST" skipped="0">
  <testcase classname="BDDAutomationAPI.EndToEndAPICal" name="TC001_GET_SingleUser" time="0.146"/>
  <system-out/>
  <testcase classname="BDDAutomationAPI.EndToEndAPICal" name="UpdateUserPut" time="0.145"/>
  <system-out/>
  <testcase classname="BDDAutomationAPI.EndToEndAPICal" name="deleteUser" time="0.161"/>
  <system-out/>
  <testcase classname="BDDAutomationAPI.EndToEndAPICal" name="CreateUserPost" time="0.233"/>
  <system-out/>
  <testcase classname="BDDAutomationAPI.EndToEndAPICal" name="UpdateUser1Patch" time="0.133"/>
  <system-out/>
</testsuite> <!-- BDDAutomationAPI.EndToEndAPICal -->
