<?xml version="1.0" encoding="UTF-8"?>
<!-- Generated by org.testng.reporters.JUnitReportReporter -->
<testsuite hostname="DESKTOP-JLAQ0AA" failures="0" tests="4" name="BDDAutomationAPI2.DataDrivenAPIExample" time="7.714" errors="0" timestamp="2021-09-21T13:43:35 BST" skipped="0">
  <testcase classname="BDDAutomationAPI2.DataDrivenAPIExample" name="dataDrivenPost" time="7.039"/>
  <system-out/>
  <testcase classname="BDDAutomationAPI2.DataDrivenAPIExample" name="dataDrivenPost" time="0.240"/>
  <system-out/>
  <testcase classname="BDDAutomationAPI2.DataDrivenAPIExample" name="dataDrivenPost" time="0.210"/>
  <system-out/>
  <testcase classname="BDDAutomationAPI2.DataDrivenAPIExample" name="dataDrivenPost" time="0.225"/>
  <system-out/>
</testsuite> <!-- BDDAutomationAPI2.DataDrivenAPIExample -->
