<?xml version="1.0" encoding="UTF-8"?>
<!-- Generated by org.testng.reporters.JUnitReportReporter -->
<testsuite hostname="DESKTOP-JLAQ0AA" failures="0" tests="1" name="BDDAutomationAPI.POST_MethodUsingObject" time="5.296" errors="0" timestamp="2021-09-28T16:33:19 BST" skipped="0">
  <testcase classname="BDDAutomationAPI.POST_MethodUsingObject" name="CreateUserPost" time="5.296"/>
  <system-out/>
</testsuite> <!-- BDDAutomationAPI.POST_MethodUsingObject -->
