<?xml version="1.0" encoding="UTF-8"?>
<!-- Generated by org.testng.reporters.JUnitReportReporter -->
<testsuite hostname="DESKTOP-JLAQ0AA" failures="0" tests="4" name="BDDAutomationAPI2.DataDrivenAPIExample" time="0.707" errors="0" timestamp="2022-04-19T20:13:40 BST" skipped="0">
  <testcase classname="BDDAutomationAPI2.DataDrivenAPIExample" name="dataDrivenPost" time="0.144"/>
  <system-out/>
  <testcase classname="BDDAutomationAPI2.DataDrivenAPIExample" name="dataDrivenPost" time="0.176"/>
  <system-out/>
  <testcase classname="BDDAutomationAPI2.DataDrivenAPIExample" name="dataDrivenPost" time="0.179"/>
  <system-out/>
  <testcase classname="BDDAutomationAPI2.DataDrivenAPIExample" name="dataDrivenPost" time="0.208"/>
  <system-out/>
</testsuite> <!-- BDDAutomationAPI2.DataDrivenAPIExample -->
