<?xml version="1.0" encoding="UTF-8"?>
<!-- Generated by org.testng.reporters.JUnitReportReporter -->
<testsuite hostname="DESKTOP-JLAQ0AA" failures="0" tests="1" name="BDDAutomationAPI.TC2005_Delete" time="0.149" errors="0" timestamp="2022-04-19T20:17:48 BST" skipped="0">
  <testcase classname="BDDAutomationAPI.TC2005_Delete" name="delete" time="0.149"/>
  <system-out/>
</testsuite> <!-- BDDAutomationAPI.TC2005_Delete -->
