<?xml version="1.0" encoding="UTF-8"?>
<!-- Generated by org.testng.reporters.JUnitReportReporter -->
<testsuite hostname="DESKTOP-JLAQ0AA" failures="0" tests="5" name="BDDAutomationAPI.TC2001_Full_Coverage_METHOD" time="2.094" errors="0" timestamp="2022-04-19T20:17:48 BST" skipped="0">
  <testcase classname="BDDAutomationAPI.TC2001_Full_Coverage_METHOD" name="UpdateUser1Patch" time="0.161"/>
  <system-out/>
  <testcase classname="BDDAutomationAPI.TC2001_Full_Coverage_METHOD" name="CreateUserPost" time="0.167"/>
  <system-out/>
  <testcase classname="BDDAutomationAPI.TC2001_Full_Coverage_METHOD" name="deleteUser" time="0.152"/>
  <system-out/>
  <testcase classname="BDDAutomationAPI.TC2001_Full_Coverage_METHOD" name="TC001_GET_SingleUser" time="1.474"/>
  <system-out/>
  <testcase classname="BDDAutomationAPI.TC2001_Full_Coverage_METHOD" name="UpdateUserPut" time="0.140"/>
  <system-out/>
</testsuite> <!-- BDDAutomationAPI.TC2001_Full_Coverage_METHOD -->
