<?xml version="1.0" encoding="UTF-8"?>
<!-- Generated by org.testng.reporters.JUnitReportReporter -->
<testsuite hostname="DESKTOP-JLAQ0AA" failures="0" tests="2" name="BDDAutomationAPI.TC2002_POST_CreateUser" time="4.797" errors="0" timestamp="2022-04-19T20:17:48 BST" skipped="0">
  <testcase classname="BDDAutomationAPI.TC2002_POST_CreateUser" name="createUser" time="4.611"/>
  <system-out/>
  <testcase classname="BDDAutomationAPI.TC2002_POST_CreateUser" name="delete" time="0.186"/>
  <system-out/>
</testsuite> <!-- BDDAutomationAPI.TC2002_POST_CreateUser -->
