<?xml version="1.0" encoding="UTF-8"?>
<!-- Generated by org.testng.reporters.JUnitReportReporter -->
<testsuite hostname="DESKTOP-JLAQ0AA" failures="0" tests="5" name="BDDAutomationAPI.TC2001_Full_Coverage_METHOD" time="7.768" errors="0" timestamp="2021-09-28T15:53:11 BST" skipped="0">
  <testcase classname="BDDAutomationAPI.TC2001_Full_Coverage_METHOD" name="deleteUser" time="0.252"/>
  <system-out/>
  <testcase classname="BDDAutomationAPI.TC2001_Full_Coverage_METHOD" name="UpdateUser1Patch" time="0.248"/>
  <system-out/>
  <testcase classname="BDDAutomationAPI.TC2001_Full_Coverage_METHOD" name="CreateUserPost" time="4.776"/>
  <system-out/>
  <testcase classname="BDDAutomationAPI.TC2001_Full_Coverage_METHOD" name="UpdateUserPut" time="0.221"/>
  <system-out/>
  <testcase classname="BDDAutomationAPI.TC2001_Full_Coverage_METHOD" name="TC001_GET_SingleUser" time="2.271"/>
  <system-out/>
</testsuite> <!-- BDDAutomationAPI.TC2001_Full_Coverage_METHOD -->
