<?xml version="1.0" encoding="UTF-8"?>
<!-- Generated by org.testng.reporters.JUnitReportReporter -->
<testsuite hostname="DESKTOP-JLAQ0AA" failures="0" tests="5" name="BDDAutomationAPI.CreatePutPatch" time="4.786" errors="0" timestamp="2021-09-21T13:30:17 BST" skipped="0">
  <testcase classname="BDDAutomationAPI.CreatePutPatch" name="updateUserPUT" time="0.009"/>
  <system-out/>
  <testcase classname="BDDAutomationAPI.CreatePutPatch" name="singleUserGET" time="0.199"/>
  <system-out/>
  <testcase classname="BDDAutomationAPI.CreatePutPatch" name="delete" time="0.269"/>
  <system-out/>
  <testcase classname="BDDAutomationAPI.CreatePutPatch" name="updateUserPATCH" time="0.010"/>
  <system-out/>
  <testcase classname="BDDAutomationAPI.CreatePutPatch" name="CreateUser" time="4.299"/>
  <system-out/>
</testsuite> <!-- BDDAutomationAPI.CreatePutPatch -->
