<?xml version="1.0" encoding="UTF-8"?>
<!-- Generated by org.testng.reporters.JUnitReportReporter -->
<testsuite hostname="DESKTOP-JLAQ0AA" failures="0" tests="5" name="BDDAutomationAPI.CreatePutPatch" time="0.453" errors="0" timestamp="2022-04-19T20:17:48 BST" skipped="0">
  <testcase classname="BDDAutomationAPI.CreatePutPatch" name="updateUserPUT" time="0.002"/>
  <system-out/>
  <testcase classname="BDDAutomationAPI.CreatePutPatch" name="CreateUser" time="0.147"/>
  <system-out/>
  <testcase classname="BDDAutomationAPI.CreatePutPatch" name="delete" time="0.164"/>
  <system-out/>
  <testcase classname="BDDAutomationAPI.CreatePutPatch" name="updateUserPATCH" time="0.004"/>
  <system-out/>
  <testcase classname="BDDAutomationAPI.CreatePutPatch" name="singleUserGET" time="0.136"/>
  <system-out/>
</testsuite> <!-- BDDAutomationAPI.CreatePutPatch -->
